# JRE version: OpenJDK Runtime Environment (11.0.10) (build 11.0.10+0-b96-7249189)
# Java VM: OpenJDK 64-Bit Server VM (11.0.10+0-b96-7249189, mixed mode, tiered, compressed oops, g1 gc, windows-amd64)
Heap:
 garbage-first heap   total 962560K, used 273920K [0x0000000080000000, 0x0000000100000000)
  region size 1024K, 2 young (2048K), 2 survivors (2048K)
 Metaspace       used 152843K, capacity 157172K, committed 157516K, reserved 1185792K
  class space    used 18822K, capacity 20438K, committed 20556K, reserved 1048576K
GC Heap History (20 events):
Event: 3236.875 GC heap after
{Heap after GC invocations=115 (full 0):
 garbage-first heap   total 279552K, used 186159K [0x0000000080000000, 0x0000000100000000)
  region size 1024K, 2 young (2048K), 2 survivors (2048K)
 Metaspace       used 148760K, capacity 152905K, committed 153548K, reserved 1183744K
  class space    used 18402K, capacity 19948K, committed 20172K, reserved 1048576K
}
Event: 3237.087 GC heap before
{Heap before GC invocations=115 (full 0):
 garbage-first heap   total 279552K, used 230191K [0x0000000080000000, 0x0000000100000000)
  region size 1024K, 46 young (47104K), 2 survivors (2048K)
 Metaspace       used 149597K, capacity 153744K, committed 154316K, reserved 1183744K
  class space    used 18470K, capacity 20014K, committed 20172K, reserved 1048576K
}
Event: 3237.092 GC heap after
{Heap after GC invocations=116 (full 0):
 garbage-first heap   total 279552K, used 186488K [0x0000000080000000, 0x0000000100000000)
  region size 1024K, 2 young (2048K), 2 survivors (2048K)
 Metaspace       used 149597K, capacity 153744K, committed 154316K, reserved 1183744K
  class space    used 18470K, capacity 20014K, committed 20172K, reserved 1048576K
}
Event: 3237.488 GC heap before
{Heap before GC invocations=117 (full 0):
 garbage-first heap   total 279552K, used 215160K [0x0000000080000000, 0x0000000100000000)
  region size 1024K, 49 young (50176K), 2 survivors (2048K)
 Metaspace       used 150192K, capacity 154442K, committed 154956K, reserved 1183744K
  class space    used 18524K, capacity 20093K, committed 20300K, reserved 1048576K
}
Event: 3237.491 GC heap after
{Heap after GC invocations=118 (full 0):
 garbage-first heap   total 279552K, used 166372K [0x0000000080000000, 0x0000000100000000)
  region size 1024K, 1 young (1024K), 1 survivors (1024K)
 Metaspace       used 150192K, capacity 154442K, committed 154956K, reserved 1183744K
  class space    used 18524K, capacity 20093K, committed 20300K, reserved 1048576K
}
Event: 3237.551 GC heap before
{Heap before GC invocations=118 (full 0):
 garbage-first heap   total 279552K, used 177636K [0x0000000080000000, 0x0000000100000000)
  region size 1024K, 13 young (13312K), 1 survivors (1024K)
 Metaspace       used 150221K, capacity 154445K, committed 154956K, reserved 1183744K
  class space    used 18526K, capacity 20094K, committed 20300K, reserved 1048576K
}
Event: 3237.560 GC heap after
{Heap after GC invocations=119 (full 0):
 garbage-first heap   total 279552K, used 145815K [0x0000000080000000, 0x0000000100000000)
  region size 1024K, 2 young (2048K), 2 survivors (2048K)
 Metaspace       used 150221K, capacity 154445K, committed 154956K, reserved 1183744K
  class space    used 18526K, capacity 20094K, committed 20300K, reserved 1048576K
}
Event: 3238.113 GC heap before
{Heap before GC invocations=119 (full 0):
 garbage-first heap   total 279552K, used 228759K [0x0000000080000000, 0x0000000100000000)
  region size 1024K, 84 young (86016K), 2 survivors (2048K)
 Metaspace       used 152320K, capacity 156507K, committed 156620K, reserved 1185792K
  class space    used 18772K, capacity 20355K, committed 20428K, reserved 1048576K
}
Event: 3238.133 GC heap after
{Heap after GC invocations=120 (full 0):
 garbage-first heap   total 279552K, used 155790K [0x0000000080000000, 0x0000000100000000)
  region size 1024K, 11 young (11264K), 11 survivors (11264K)
 Metaspace       used 152320K, capacity 156507K, committed 156620K, reserved 1185792K
  class space    used 18772K, capacity 20355K, committed 20428K, reserved 1048576K
}
Event: 3238.336 GC heap before
{Heap before GC invocations=121 (full 0):
 garbage-first heap   total 279552K, used 259214K [0x0000000080000000, 0x0000000100000000)
  region size 1024K, 83 young (84992K), 11 survivors (11264K)
 Metaspace       used 152442K, capacity 156685K, committed 156876K, reserved 1185792K
  class space    used 18796K, capacity 20372K, committed 20428K, reserved 1048576K
}
Event: 3238.352 GC heap after
{Heap after GC invocations=122 (full 0):
 garbage-first heap   total 288768K, used 192871K [0x0000000080000000, 0x0000000100000000)
  region size 1024K, 11 young (11264K), 11 survivors (11264K)
 Metaspace       used 152442K, capacity 156685K, committed 156876K, reserved 1185792K
  class space    used 18796K, capacity 20372K, committed 20428K, reserved 1048576K
}
Event: 3238.360 GC heap before
{Heap before GC invocations=122 (full 0):
 garbage-first heap   total 288768K, used 195943K [0x0000000080000000, 0x0000000100000000)
  region size 1024K, 14 young (14336K), 11 survivors (11264K)
 Metaspace       used 152443K, capacity 156685K, committed 156876K, reserved 1185792K
  class space    used 18796K, capacity 20372K, committed 20428K, reserved 1048576K
}
Event: 3238.428 GC heap after
{Heap after GC invocations=123 (full 0):
 garbage-first heap   total 409600K, used 192478K [0x0000000080000000, 0x0000000100000000)
  region size 1024K, 2 young (2048K), 2 survivors (2048K)
 Metaspace       used 152443K, capacity 156685K, committed 156876K, reserved 1185792K
  class space    used 18796K, capacity 20372K, committed 20428K, reserved 1048576K
}
Event: 3238.652 GC heap before
{Heap before GC invocations=123 (full 0):
 garbage-first heap   total 409600K, used 218078K [0x0000000080000000, 0x0000000100000000)
  region size 1024K, 28 young (28672K), 2 survivors (2048K)
 Metaspace       used 152524K, capacity 156772K, committed 156876K, reserved 1185792K
  class space    used 18808K, capacity 20416K, committed 20428K, reserved 1048576K
}
Event: 3238.680 GC heap after
{Heap after GC invocations=124 (full 0):
 garbage-first heap   total 409600K, used 200757K [0x0000000080000000, 0x0000000100000000)
  region size 1024K, 11 young (11264K), 11 survivors (11264K)
 Metaspace       used 152524K, capacity 156772K, committed 156876K, reserved 1185792K
  class space    used 18808K, capacity 20416K, committed 20428K, reserved 1048576K
}
Event: 3238.962 GC heap before
{Heap before GC invocations=124 (full 0):
 garbage-first heap   total 409600K, used 290869K [0x0000000080000000, 0x0000000100000000)
  region size 1024K, 98 young (100352K), 11 survivors (11264K)
 Metaspace       used 152702K, capacity 156968K, committed 157132K, reserved 1185792K
  class space    used 18810K, capacity 20416K, committed 20428K, reserved 1048576K
}
Event: 3239.029 GC heap after
{Heap after GC invocations=125 (full 0):
 garbage-first heap   total 409600K, used 243885K [0x0000000080000000, 0x0000000100000000)
  region size 1024K, 13 young (13312K), 13 survivors (13312K)
 Metaspace       used 152702K, capacity 156968K, committed 157132K, reserved 1185792K
  class space    used 18810K, capacity 20416K, committed 20428K, reserved 1048576K
}
Event: 3239.470 GC heap before
{Heap before GC invocations=126 (full 0):
 garbage-first heap   total 409600K, used 306349K [0x0000000080000000, 0x0000000100000000)
  region size 1024K, 76 young (77824K), 13 survivors (13312K)
 Metaspace       used 152749K, capacity 157033K, committed 157132K, reserved 1185792K
  class space    used 18810K, capacity 20416K, committed 20428K, reserved 1048576K
}
Event: 3239.540 GC heap after
{Heap after GC invocations=127 (full 0):
 garbage-first heap   total 409600K, used 271360K [0x0000000080000000, 0x0000000100000000)
  region size 1024K, 10 young (10240K), 10 survivors (10240K)
 Metaspace       used 152749K, capacity 157033K, committed 157132K, reserved 1185792K
  class space    used 18810K, capacity 20416K, committed 20428K, reserved 1048576K
}
Event: 3239.692 GC heap before
{Heap before GC invocations=127 (full 0):
 garbage-first heap   total 409600K, used 280576K [0x0000000080000000, 0x0000000100000000)
  region size 1024K, 20 young (20480K), 10 survivors (10240K)
 Metaspace       used 152843K, capacity 157172K, committed 157516K, reserved 1185792K
  class space    used 18822K, capacity 20438K, committed 20556K, reserved 1048576K
}

